<?xml version="1.0" encoding="UTF-8"?>
<!-- Generated by org.testng.reporters.JUnitReportReporter -->
<testsuite skipped="0" hostname="B1016216" name="peugeot.TestdeTests" tests="1" failures="0" timestamp="19 avr. 2019 14:58:17 GMT" time="19.111" errors="0">
  <testcase name="TestSortingMenuListWithLocalisation" time="19.111" classname="peugeot.TestdeTests"/>
</testsuite> <!-- peugeot.TestdeTests -->
