<?xml version="1.0" encoding="UTF-8"?>
<!-- Generated by org.testng.reporters.JUnitReportReporter -->
<testsuite skipped="0" hostname="B1016216" name="peugeot.TestdeTests" tests="1" failures="0" timestamp="17 mai 2019 15:59:19 GMT" time="24.980" errors="0">
  <testcase name="TestEnvoiFormulaire" time="24.980" classname="peugeot.TestdeTests"/>
</testsuite> <!-- peugeot.TestdeTests -->
