<?xml version="1.0" encoding="UTF-8"?>
<!-- Generated by org.testng.reporters.JUnitReportReporter -->
<testsuite skipped="0" hostname="B1016216" name="peugeot.ProductPageCompoTests" tests="112" failures="6" timestamp="24 mai 2019 13:36:12 GMT" time="314.449" errors="0">
  <testcase name="TestPrixTotalTitreText" time="2.041" classname="peugeot.ProductPageCompoTests"/>
  <testcase name="TestBlocContactConcessionnaireIconeDisplayed" time="3.062" classname="peugeot.ProductPageCompoTests"/>
  <testcase name="TestCompteurImagesExtDisplayed" time="3.045" classname="peugeot.ProductPageCompoTests">
    <failure type="java.lang.AssertionError">
      <![CDATA[java.lang.AssertionError
at peugeot.ProductPageCompoTests.TestCompteurImagesExtDisplayed(ProductPageCompoTests.java:312)
at sun.reflect.NativeMethodAccessorImpl.invoke0(Native Method)
at sun.reflect.NativeMethodAccessorImpl.invoke(NativeMethodAccessorImpl.java:62)
at sun.reflect.DelegatingMethodAccessorImpl.invoke(DelegatingMethodAccessorImpl.java:43)
at java.lang.reflect.Method.invoke(Method.java:498)
at org.testng.internal.MethodInvocationHelper.invokeMethod(MethodInvocationHelper.java:124)
at org.testng.internal.Invoker.invokeMethod(Invoker.java:580)
at org.testng.internal.Invoker.invokeTestMethod(Invoker.java:716)
at org.testng.internal.Invoker.invokeTestMethods(Invoker.java:988)
at org.testng.internal.TestMethodWorker.invokeTestMethods(TestMethodWorker.java:125)
at org.testng.internal.TestMethodWorker.run(TestMethodWorker.java:109)
at org.testng.TestRunner.privateRun(TestRunner.java:648)
at org.testng.TestRunner.run(TestRunner.java:505)
at org.testng.SuiteRunner.runTest(SuiteRunner.java:455)
at org.testng.SuiteRunner.runSequentially(SuiteRunner.java:450)
at org.testng.SuiteRunner.privateRun(SuiteRunner.java:415)
at org.testng.SuiteRunner.run(SuiteRunner.java:364)
at org.testng.SuiteRunnerWorker.runSuite(SuiteRunnerWorker.java:52)
at org.testng.SuiteRunnerWorker.run(SuiteRunnerWorker.java:84)
at org.testng.TestNG.runSuitesSequentially(TestNG.java:1208)
at org.testng.TestNG.runSuitesLocally(TestNG.java:1137)
at org.testng.TestNG.runSuites(TestNG.java:1049)
at org.testng.TestNG.run(TestNG.java:1017)
at org.testng.remote.AbstractRemoteTestNG.run(AbstractRemoteTestNG.java:114)
at org.testng.remote.RemoteTestNG.initAndRun(RemoteTestNG.java:251)
at org.testng.remote.RemoteTestNG.main(RemoteTestNG.java:77)
]]>
    </failure>
  </testcase> <!-- TestCompteurImagesExtDisplayed -->
  <testcase name="TestColonneEnergieTitleText" time="3.045" classname="peugeot.ProductPageCompoTests"/>
  <testcase name="TestDetailPrixIconeDisplayed" time="2.124" classname="peugeot.ProductPageCompoTests"/>
  <testcase name="TestCTAContactConseillerDisplayed" time="2.064" classname="peugeot.ProductPageCompoTests"/>
  <testcase name="TestEncartCaracTechDisplayed" time="3.041" classname="peugeot.ProductPageCompoTests"/>
  <testcase name="TestPictoDateLivraison" time="2.041" classname="peugeot.ProductPageCompoTests"/>
  <testcase name="TestPrixTotalTitreDisplayed" time="2.057" classname="peugeot.ProductPageCompoTests"/>
  <testcase name="TestBlocInfosConcessionnaireHorairesDisplayed" time="3.089" classname="peugeot.ProductPageCompoTests"/>
  <testcase name="TestColonneEmissionCO2ChampText" time="3.052" classname="peugeot.ProductPageCompoTests"/>
  <testcase name="TestIconeVoirPlus" time="2.037" classname="peugeot.ProductPageCompoTests"/>
  <testcase name="TestIconeFlecheDroiteVisuelsExt" time="2.060" classname="peugeot.ProductPageCompoTests"/>
  <testcase name="TestTableauEquipementsInteriorText" time="3.032" classname="peugeot.ProductPageCompoTests"/>
  <testcase name="TestLegalWLTPText" time="3.045" classname="peugeot.ProductPageCompoTests"/>
  <testcase name="TestEncartRemisesPrixDisplayed" time="2.050" classname="peugeot.ProductPageCompoTests"/>
  <testcase name="TestCTAFicheTechDisplayed" time="3.043" classname="peugeot.ProductPageCompoTests"/>
  <testcase name="TestCompteurImagesExtText" time="3.073" classname="peugeot.ProductPageCompoTests"/>
  <testcase name="TestDetailPrixDisplayed" time="2.055" classname="peugeot.ProductPageCompoTests"/>
  <testcase name="TestTableauEquipementsSegurançaText" time="3.080" classname="peugeot.ProductPageCompoTests"/>
  <testcase name="TestColonneFinitionTitleText" time="3.046" classname="peugeot.ProductPageCompoTests"/>
  <testcase name="TestTableauEquipementsExterieurTitleText" time="3.043" classname="peugeot.ProductPageCompoTests">
    <failure type="java.lang.AssertionError">
      <![CDATA[java.lang.AssertionError
at peugeot.ProductPageCompoTests.TestTableauEquipementsExterieurTitleText(ProductPageCompoTests.java:682)
at sun.reflect.NativeMethodAccessorImpl.invoke0(Native Method)
at sun.reflect.NativeMethodAccessorImpl.invoke(NativeMethodAccessorImpl.java:62)
at sun.reflect.DelegatingMethodAccessorImpl.invoke(DelegatingMethodAccessorImpl.java:43)
at java.lang.reflect.Method.invoke(Method.java:498)
at org.testng.internal.MethodInvocationHelper.invokeMethod(MethodInvocationHelper.java:124)
at org.testng.internal.Invoker.invokeMethod(Invoker.java:580)
at org.testng.internal.Invoker.invokeTestMethod(Invoker.java:716)
at org.testng.internal.Invoker.invokeTestMethods(Invoker.java:988)
at org.testng.internal.TestMethodWorker.invokeTestMethods(TestMethodWorker.java:125)
at org.testng.internal.TestMethodWorker.run(TestMethodWorker.java:109)
at org.testng.TestRunner.privateRun(TestRunner.java:648)
at org.testng.TestRunner.run(TestRunner.java:505)
at org.testng.SuiteRunner.runTest(SuiteRunner.java:455)
at org.testng.SuiteRunner.runSequentially(SuiteRunner.java:450)
at org.testng.SuiteRunner.privateRun(SuiteRunner.java:415)
at org.testng.SuiteRunner.run(SuiteRunner.java:364)
at org.testng.SuiteRunnerWorker.runSuite(SuiteRunnerWorker.java:52)
at org.testng.SuiteRunnerWorker.run(SuiteRunnerWorker.java:84)
at org.testng.TestNG.runSuitesSequentially(TestNG.java:1208)
at org.testng.TestNG.runSuitesLocally(TestNG.java:1137)
at org.testng.TestNG.runSuites(TestNG.java:1049)
at org.testng.TestNG.run(TestNG.java:1017)
at org.testng.remote.AbstractRemoteTestNG.run(AbstractRemoteTestNG.java:114)
at org.testng.remote.RemoteTestNG.initAndRun(RemoteTestNG.java:251)
at org.testng.remote.RemoteTestNG.main(RemoteTestNG.java:77)
]]>
    </failure>
  </testcase> <!-- TestTableauEquipementsExterieurTitleText -->
  <testcase name="TestCurseurLocalisationDisplayed" time="2.052" classname="peugeot.ProductPageCompoTests"/>
  <testcase name="TestVisu360Image" time="4.164" classname="peugeot.ProductPageCompoTests"/>
  <testcase name="TestTableauEquipementsConfortDisplayed" time="3.056" classname="peugeot.ProductPageCompoTests"/>
  <testcase name="TestTitreVotreConcessionnaireDisplayed" time="3.063" classname="peugeot.ProductPageCompoTests"/>
  <testcase name="TestMapIconBonhommeDisplayed" time="3.036" classname="peugeot.ProductPageCompoTests"/>
  <testcase name="TestTableauEquipementsAideConducDisplayed" time="3.038" classname="peugeot.ProductPageCompoTests"/>
  <testcase name="TestTableauEquipementsSegurançaDisplayed" time="3.055" classname="peugeot.ProductPageCompoTests"/>
  <testcase name="TestTableauEquipementsInstruText" time="3.031" classname="peugeot.ProductPageCompoTests">
    <failure type="java.lang.AssertionError">
      <![CDATA[java.lang.AssertionError
at peugeot.ProductPageCompoTests.TestTableauEquipementsInstruText(ProductPageCompoTests.java:748)
at sun.reflect.NativeMethodAccessorImpl.invoke0(Native Method)
at sun.reflect.NativeMethodAccessorImpl.invoke(NativeMethodAccessorImpl.java:62)
at sun.reflect.DelegatingMethodAccessorImpl.invoke(DelegatingMethodAccessorImpl.java:43)
at java.lang.reflect.Method.invoke(Method.java:498)
at org.testng.internal.MethodInvocationHelper.invokeMethod(MethodInvocationHelper.java:124)
at org.testng.internal.Invoker.invokeMethod(Invoker.java:580)
at org.testng.internal.Invoker.invokeTestMethod(Invoker.java:716)
at org.testng.internal.Invoker.invokeTestMethods(Invoker.java:988)
at org.testng.internal.TestMethodWorker.invokeTestMethods(TestMethodWorker.java:125)
at org.testng.internal.TestMethodWorker.run(TestMethodWorker.java:109)
at org.testng.TestRunner.privateRun(TestRunner.java:648)
at org.testng.TestRunner.run(TestRunner.java:505)
at org.testng.SuiteRunner.runTest(SuiteRunner.java:455)
at org.testng.SuiteRunner.runSequentially(SuiteRunner.java:450)
at org.testng.SuiteRunner.privateRun(SuiteRunner.java:415)
at org.testng.SuiteRunner.run(SuiteRunner.java:364)
at org.testng.SuiteRunnerWorker.runSuite(SuiteRunnerWorker.java:52)
at org.testng.SuiteRunnerWorker.run(SuiteRunnerWorker.java:84)
at org.testng.TestNG.runSuitesSequentially(TestNG.java:1208)
at org.testng.TestNG.runSuitesLocally(TestNG.java:1137)
at org.testng.TestNG.runSuites(TestNG.java:1049)
at org.testng.TestNG.run(TestNG.java:1017)
at org.testng.remote.AbstractRemoteTestNG.run(AbstractRemoteTestNG.java:114)
at org.testng.remote.RemoteTestNG.initAndRun(RemoteTestNG.java:251)
at org.testng.remote.RemoteTestNG.main(RemoteTestNG.java:77)
]]>
    </failure>
  </testcase> <!-- TestTableauEquipementsInstruText -->
  <testcase name="TestColonneMoteurTitleText" time="3.038" classname="peugeot.ProductPageCompoTests"/>
  <testcase name="TestDateLivraisonText" time="2.044" classname="peugeot.ProductPageCompoTests"/>
  <testcase name="TestDetailPrixText" time="2.041" classname="peugeot.ProductPageCompoTests"/>
  <testcase name="TestTableauEquipementsInstruDisplayed" time="3.032" classname="peugeot.ProductPageCompoTests"/>
  <testcase name="TestColonneConsommationTitleText" time="3.049" classname="peugeot.ProductPageCompoTests"/>
  <testcase name="TestIconeFlecheGaucheVisuelsExtIcon" time="2.035" classname="peugeot.ProductPageCompoTests"/>
  <testcase name="TestTableauBancosText" time="3.078" classname="peugeot.ProductPageCompoTests">
    <failure type="java.lang.AssertionError">
      <![CDATA[java.lang.AssertionError
at peugeot.ProductPageCompoTests.TestTableauBancosText(ProductPageCompoTests.java:642)
at sun.reflect.NativeMethodAccessorImpl.invoke0(Native Method)
at sun.reflect.NativeMethodAccessorImpl.invoke(NativeMethodAccessorImpl.java:62)
at sun.reflect.DelegatingMethodAccessorImpl.invoke(DelegatingMethodAccessorImpl.java:43)
at java.lang.reflect.Method.invoke(Method.java:498)
at org.testng.internal.MethodInvocationHelper.invokeMethod(MethodInvocationHelper.java:124)
at org.testng.internal.Invoker.invokeMethod(Invoker.java:580)
at org.testng.internal.Invoker.invokeTestMethod(Invoker.java:716)
at org.testng.internal.Invoker.invokeTestMethods(Invoker.java:988)
at org.testng.internal.TestMethodWorker.invokeTestMethods(TestMethodWorker.java:125)
at org.testng.internal.TestMethodWorker.run(TestMethodWorker.java:109)
at org.testng.TestRunner.privateRun(TestRunner.java:648)
at org.testng.TestRunner.run(TestRunner.java:505)
at org.testng.SuiteRunner.runTest(SuiteRunner.java:455)
at org.testng.SuiteRunner.runSequentially(SuiteRunner.java:450)
at org.testng.SuiteRunner.privateRun(SuiteRunner.java:415)
at org.testng.SuiteRunner.run(SuiteRunner.java:364)
at org.testng.SuiteRunnerWorker.runSuite(SuiteRunnerWorker.java:52)
at org.testng.SuiteRunnerWorker.run(SuiteRunnerWorker.java:84)
at org.testng.TestNG.runSuitesSequentially(TestNG.java:1208)
at org.testng.TestNG.runSuitesLocally(TestNG.java:1137)
at org.testng.TestNG.runSuites(TestNG.java:1049)
at org.testng.TestNG.run(TestNG.java:1017)
at org.testng.remote.AbstractRemoteTestNG.run(AbstractRemoteTestNG.java:114)
at org.testng.remote.RemoteTestNG.initAndRun(RemoteTestNG.java:251)
at org.testng.remote.RemoteTestNG.main(RemoteTestNG.java:77)
]]>
    </failure>
  </testcase> <!-- TestTableauBancosText -->
  <testcase name="TestTableauEquipementsAudioEtCommText" time="3.073" classname="peugeot.ProductPageCompoTests">
    <failure type="java.lang.AssertionError">
      <![CDATA[java.lang.AssertionError
at peugeot.ProductPageCompoTests.TestTableauEquipementsAudioEtCommText(ProductPageCompoTests.java:731)
at sun.reflect.NativeMethodAccessorImpl.invoke0(Native Method)
at sun.reflect.NativeMethodAccessorImpl.invoke(NativeMethodAccessorImpl.java:62)
at sun.reflect.DelegatingMethodAccessorImpl.invoke(DelegatingMethodAccessorImpl.java:43)
at java.lang.reflect.Method.invoke(Method.java:498)
at org.testng.internal.MethodInvocationHelper.invokeMethod(MethodInvocationHelper.java:124)
at org.testng.internal.Invoker.invokeMethod(Invoker.java:580)
at org.testng.internal.Invoker.invokeTestMethod(Invoker.java:716)
at org.testng.internal.Invoker.invokeTestMethods(Invoker.java:988)
at org.testng.internal.TestMethodWorker.invokeTestMethods(TestMethodWorker.java:125)
at org.testng.internal.TestMethodWorker.run(TestMethodWorker.java:109)
at org.testng.TestRunner.privateRun(TestRunner.java:648)
at org.testng.TestRunner.run(TestRunner.java:505)
at org.testng.SuiteRunner.runTest(SuiteRunner.java:455)
at org.testng.SuiteRunner.runSequentially(SuiteRunner.java:450)
at org.testng.SuiteRunner.privateRun(SuiteRunner.java:415)
at org.testng.SuiteRunner.run(SuiteRunner.java:364)
at org.testng.SuiteRunnerWorker.runSuite(SuiteRunnerWorker.java:52)
at org.testng.SuiteRunnerWorker.run(SuiteRunnerWorker.java:84)
at org.testng.TestNG.runSuitesSequentially(TestNG.java:1208)
at org.testng.TestNG.runSuitesLocally(TestNG.java:1137)
at org.testng.TestNG.runSuites(TestNG.java:1049)
at org.testng.TestNG.run(TestNG.java:1017)
at org.testng.remote.AbstractRemoteTestNG.run(AbstractRemoteTestNG.java:114)
at org.testng.remote.RemoteTestNG.initAndRun(RemoteTestNG.java:251)
at org.testng.remote.RemoteTestNG.main(RemoteTestNG.java:77)
]]>
    </failure>
  </testcase> <!-- TestTableauEquipementsAudioEtCommText -->
  <testcase name="TestBlocInfosConcessionnaireAdresseDisplayed" time="3.055" classname="peugeot.ProductPageCompoTests"/>
  <testcase name="TestColonneEnergieChampText" time="3.049" classname="peugeot.ProductPageCompoTests"/>
  <testcase name="TestTitreEquipementsDisplayed" time="3.082" classname="peugeot.ProductPageCompoTests"/>
  <testcase name="TestTableauEquipementsConfortText" time="3.044" classname="peugeot.ProductPageCompoTests"/>
  <testcase name="TestBlocInfosConcessionnaireAdresseIconeDisplayed" time="3.069" classname="peugeot.ProductPageCompoTests"/>
  <testcase name="TestTableauCaractDisplayed" time="3.044" classname="peugeot.ProductPageCompoTests"/>
  <testcase name="TestTableauEquipementsAudioEtCommDisplayed" time="3.046" classname="peugeot.ProductPageCompoTests"/>
  <testcase name="TestIconeFlecheDroiteVisuelsExtIcon" time="2.048" classname="peugeot.ProductPageCompoTests"/>
  <testcase name="TestCTACallConcessionnaireDisplayed" time="3.057" classname="peugeot.ProductPageCompoTests"/>
  <testcase name="TestBlocInfosConcessionnaireHorairesIconeDisplayed" time="3.040" classname="peugeot.ProductPageCompoTests"/>
  <testcase name="TestCompteurImagesIntText" time="5.114" classname="peugeot.ProductPageCompoTests">
    <failure type="java.lang.AssertionError">
      <![CDATA[java.lang.AssertionError
at peugeot.ProductPageCompoTests.TestCompteurImagesIntText(ProductPageCompoTests.java:337)
at sun.reflect.NativeMethodAccessorImpl.invoke0(Native Method)
at sun.reflect.NativeMethodAccessorImpl.invoke(NativeMethodAccessorImpl.java:62)
at sun.reflect.DelegatingMethodAccessorImpl.invoke(DelegatingMethodAccessorImpl.java:43)
at java.lang.reflect.Method.invoke(Method.java:498)
at org.testng.internal.MethodInvocationHelper.invokeMethod(MethodInvocationHelper.java:124)
at org.testng.internal.Invoker.invokeMethod(Invoker.java:580)
at org.testng.internal.Invoker.invokeTestMethod(Invoker.java:716)
at org.testng.internal.Invoker.invokeTestMethods(Invoker.java:988)
at org.testng.internal.TestMethodWorker.invokeTestMethods(TestMethodWorker.java:125)
at org.testng.internal.TestMethodWorker.run(TestMethodWorker.java:109)
at org.testng.TestRunner.privateRun(TestRunner.java:648)
at org.testng.TestRunner.run(TestRunner.java:505)
at org.testng.SuiteRunner.runTest(SuiteRunner.java:455)
at org.testng.SuiteRunner.runSequentially(SuiteRunner.java:450)
at org.testng.SuiteRunner.privateRun(SuiteRunner.java:415)
at org.testng.SuiteRunner.run(SuiteRunner.java:364)
at org.testng.SuiteRunnerWorker.runSuite(SuiteRunnerWorker.java:52)
at org.testng.SuiteRunnerWorker.run(SuiteRunnerWorker.java:84)
at org.testng.TestNG.runSuitesSequentially(TestNG.java:1208)
at org.testng.TestNG.runSuitesLocally(TestNG.java:1137)
at org.testng.TestNG.runSuites(TestNG.java:1049)
at org.testng.TestNG.run(TestNG.java:1017)
at org.testng.remote.AbstractRemoteTestNG.run(AbstractRemoteTestNG.java:114)
at org.testng.remote.RemoteTestNG.initAndRun(RemoteTestNG.java:251)
at org.testng.remote.RemoteTestNG.main(RemoteTestNG.java:77)
]]>
    </failure>
  </testcase> <!-- TestCompteurImagesIntText -->
  <testcase name="TestTitreEquipementsText" time="3.048" classname="peugeot.ProductPageCompoTests"/>
  <testcase name="TestCTACallConcessionnaireText" time="3.082" classname="peugeot.ProductPageCompoTests"/>
  <testcase name="TestEncartCaractéristiquesTitreText" time="3.031" classname="peugeot.ProductPageCompoTests"/>
  <testcase name="TestTextVueInt" time="2.077" classname="peugeot.ProductPageCompoTests"/>
  <testcase name="TestIconeFicheTechDisplayed" time="3.042" classname="peugeot.ProductPageCompoTests"/>
  <testcase name="TestEncartListeOptionsDisplayed" time="3.043" classname="peugeot.ProductPageCompoTests"/>
  <testcase name="TestTableauEquipementsOutrosDisplayed" time="3.069" classname="peugeot.ProductPageCompoTests"/>
  <testcase name="TestPictoVueInt" time="2.054" classname="peugeot.ProductPageCompoTests"/>
  <testcase name="TestIconeFlecheGaucheVisuelsExt" time="2.044" classname="peugeot.ProductPageCompoTests"/>
  <testcase name="TestCTAContactConseillerText" time="3.079" classname="peugeot.ProductPageCompoTests"/>
  <testcase name="TestMapIconPlusDisplayed" time="3.040" classname="peugeot.ProductPageCompoTests"/>
  <testcase name="TestEncartRemisesText" time="2.038" classname="peugeot.ProductPageCompoTests"/>
  <testcase name="TestTextVueExt" time="2.098" classname="peugeot.ProductPageCompoTests"/>
  <testcase name="TestColonneBDVChampText" time="3.053" classname="peugeot.ProductPageCompoTests"/>
  <testcase name="TestMapIconMoinsDisplayed" time="3.096" classname="peugeot.ProductPageCompoTests"/>
  <testcase name="TestTextCouleurSousVisu" time="4.510" classname="peugeot.ProductPageCompoTests"/>
  <testcase name="TestTableauCaracTechDisplayed" time="3.061" classname="peugeot.ProductPageCompoTests"/>
  <testcase name="TestTableauBancosDisplayed" time="3.044" classname="peugeot.ProductPageCompoTests"/>
  <testcase name="TestMapConcessionnaireDisplayed" time="3.063" classname="peugeot.ProductPageCompoTests"/>
  <testcase name="TestColonneBDVTitleText" time="3.047" classname="peugeot.ProductPageCompoTests"/>
  <testcase name="TestEncartOptionsInclusesTitreText" time="3.063" classname="peugeot.ProductPageCompoTests"/>
  <testcase name="TestBlocContactMailConcessionnaireDisplayed" time="3.124" classname="peugeot.ProductPageCompoTests"/>
  <testcase name="TestColonneEmissionCO2TitleText" time="3.079" classname="peugeot.ProductPageCompoTests"/>
  <testcase name="TestColonnePuissanceChampText" time="3.044" classname="peugeot.ProductPageCompoTests"/>
  <testcase name="TestTableauEsteticaText" time="3.046" classname="peugeot.ProductPageCompoTests"/>
  <testcase name="TestAdresseVendeurDisplayed" time="2.128" classname="peugeot.ProductPageCompoTests"/>
  <testcase name="TestColonneSilhouetteTitleText" time="3.067" classname="peugeot.ProductPageCompoTests"/>
  <testcase name="TestColonneFinitionChampText" time="3.053" classname="peugeot.ProductPageCompoTests"/>
  <testcase name="TestColonneVINChampText" time="3.052" classname="peugeot.ProductPageCompoTests"/>
  <testcase name="TestColonneSilhouetteChampText" time="3.064" classname="peugeot.ProductPageCompoTests"/>
  <testcase name="TestEncartOptionsInclusesDisplayed" time="3.037" classname="peugeot.ProductPageCompoTests"/>
  <testcase name="TestDateLivraisonDisplayed" time="2.061" classname="peugeot.ProductPageCompoTests"/>
  <testcase name="TestCheckVHTitle" time="2.060" classname="peugeot.ProductPageCompoTests"/>
  <testcase name="TestCompteurImagesIntDisplayed" time="5.160" classname="peugeot.ProductPageCompoTests"/>
  <testcase name="TestCTAPreviousPageIcon" time="2.037" classname="peugeot.ProductPageCompoTests"/>
  <testcase name="TestCTAFicheTechText" time="3.053" classname="peugeot.ProductPageCompoTests"/>
  <testcase name="TestBlocVotreConcessionnaireDisplayed" time="3.055" classname="peugeot.ProductPageCompoTests"/>
  <testcase name="TestBlocInfosConcessionnaireDisplayed" time="3.042" classname="peugeot.ProductPageCompoTests"/>
  <testcase name="TestPrixTotalNbText" time="2.059" classname="peugeot.ProductPageCompoTests"/>
  <testcase name="TestTitreVotreConcessionnaireText" time="3.053" classname="peugeot.ProductPageCompoTests"/>
  <testcase name="TestCheckVHCaracteristicsDisplayed" time="2.055" classname="peugeot.ProductPageCompoTests"/>
  <testcase name="TestColonneConsommationChampText" time="3.076" classname="peugeot.ProductPageCompoTests"/>
  <testcase name="TestPrixTotalNbDisplayed" time="2.057" classname="peugeot.ProductPageCompoTests"/>
  <testcase name="CTAPreviousPageDisplayed" time="2.511" classname="peugeot.ProductPageCompoTests"/>
  <testcase name="TestEncartRemisesPrixText" time="2.047" classname="peugeot.ProductPageCompoTests"/>
  <testcase name="TestEncartCaracTechTitreText" time="3.049" classname="peugeot.ProductPageCompoTests"/>
  <testcase name="TestEncartRemisesDisplayed" time="2.099" classname="peugeot.ProductPageCompoTests"/>
  <testcase name="TestTableauEquipementsDisplayed" time="3.039" classname="peugeot.ProductPageCompoTests"/>
  <testcase name="TestAdresseVendeurDisplayed1" time="2.077" classname="peugeot.ProductPageCompoTests"/>
  <testcase name="TestTableauEquipementsOutrosText" time="3.036" classname="peugeot.ProductPageCompoTests"/>
  <testcase name="TestEncartCaractéristiquesDisplayed" time="3.056" classname="peugeot.ProductPageCompoTests"/>
  <testcase name="TestPictoVueExt" time="2.063" classname="peugeot.ProductPageCompoTests"/>
  <testcase name="TestColonneMoteurChampText" time="3.048" classname="peugeot.ProductPageCompoTests"/>
  <testcase name="TestColonnePuissanceTitleText" time="3.077" classname="peugeot.ProductPageCompoTests"/>
  <testcase name="TestTableauEquipementsAideConducText" time="3.051" classname="peugeot.ProductPageCompoTests"/>
  <testcase name="TestTextVue360" time="2.078" classname="peugeot.ProductPageCompoTests"/>
  <testcase name="TestTableauEquipementsInteriorDisplayed" time="3.029" classname="peugeot.ProductPageCompoTests"/>
  <testcase name="TestTableauEsteticaDisplayed" time="3.052" classname="peugeot.ProductPageCompoTests"/>
  <testcase name="TestCTAVoirPlusText" time="2.055" classname="peugeot.ProductPageCompoTests"/>
  <testcase name="TestEncartVendeurDisplayed" time="2.048" classname="peugeot.ProductPageCompoTests"/>
  <testcase name="TestBlocContactConcessionnaireText" time="3.046" classname="peugeot.ProductPageCompoTests"/>
  <testcase name="TestColonneVINTitleText" time="3.048" classname="peugeot.ProductPageCompoTests"/>
  <testcase name="TestCTAPreviousPageText" time="2.038" classname="peugeot.ProductPageCompoTests"/>
</testsuite> <!-- peugeot.ProductPageCompoTests -->
