<?xml version="1.0" encoding="UTF-8"?>
<!-- Generated by org.testng.reporters.JUnitReportReporter -->
<testsuite skipped="0" hostname="B1016216" name="peugeot.ResultPageCompoTest" tests="29" failures="1" timestamp="23 May 2019 15:41:55 GMT" time="74.650" errors="0">
  <testcase name="GetPageTest" time="4.919" classname="peugeot.ResultPageCompoTest"/>
  <testcase name="TestTitletext" time="6.078" classname="peugeot.ResultPageCompoTest"/>
  <testcase name="TestDeliveryDateText" time="2.059" classname="peugeot.ResultPageCompoTest"/>
  <testcase name="TestVHCardOptionPicto" time="2.039" classname="peugeot.ResultPageCompoTest"/>
  <testcase name="TestDisplayOptionsListVHCard" time="2.314" classname="peugeot.ResultPageCompoTest"/>
  <testcase name="TestConsoCTAText" time="2.036" classname="peugeot.ResultPageCompoTest"/>
  <testcase name="TestConsoCTAPictoPresent" time="2.057" classname="peugeot.ResultPageCompoTest"/>
  <testcase name="TestConsoCTAPictoClick" time="4.150" classname="peugeot.ResultPageCompoTest"/>
  <testcase name="TestEnergyVHCardText" time="2.069" classname="peugeot.ResultPageCompoTest"/>
  <testcase name="TestVHCardEnergyPictoDisplayed" time="2.053" classname="peugeot.ResultPageCompoTest"/>
  <testcase name="TestVHCardCO2text" time="2.034" classname="peugeot.ResultPageCompoTest"/>
  <testcase name="TestVHCardCO2PictoDisplayed" time="2.057" classname="peugeot.ResultPageCompoTest"/>
  <testcase name="VHCardClassificationText" time="2.114" classname="peugeot.ResultPageCompoTest"/>
  <testcase name="TestVHCardBakgroundPictoClassifiDisplayed" time="2.057" classname="peugeot.ResultPageCompoTest"/>
  <testcase name="TestVHRemiseBackgroundDisplayed" time="2.056" classname="peugeot.ResultPageCompoTest"/>
  <testcase name="TestDiscountTitle" time="2.040" classname="peugeot.ResultPageCompoTest"/>
  <testcase name="TestDiscountPrice" time="2.042" classname="peugeot.ResultPageCompoTest"/>
  <testcase name="TestVHCardDisplayed" time="2.056" classname="peugeot.ResultPageCompoTest"/>
  <testcase name="TestLegalMentions" time="2.053" classname="peugeot.ResultPageCompoTest"/>
  <testcase name="TestVHAvalaible" time="2.046" classname="peugeot.ResultPageCompoTest"/>
  <testcase name="PaginationDisplayed" time="2.047" classname="peugeot.ResultPageCompoTest"/>
  <testcase name="TestPageNumber1" time="4.515" classname="peugeot.ResultPageCompoTest"/>
  <testcase name="TestTotalPages" time="6.118" classname="peugeot.ResultPageCompoTest">
    <failure type="java.lang.AssertionError">
      <![CDATA[java.lang.AssertionError
at peugeot.ResultPageCompoTest.TestTotalPages(ResultPageCompoTest.java:202)
at sun.reflect.NativeMethodAccessorImpl.invoke0(Native Method)
at sun.reflect.NativeMethodAccessorImpl.invoke(NativeMethodAccessorImpl.java:62)
at sun.reflect.DelegatingMethodAccessorImpl.invoke(DelegatingMethodAccessorImpl.java:43)
at java.lang.reflect.Method.invoke(Method.java:498)
at org.testng.internal.MethodInvocationHelper.invokeMethod(MethodInvocationHelper.java:124)
at org.testng.internal.Invoker.invokeMethod(Invoker.java:580)
at org.testng.internal.Invoker.invokeTestMethod(Invoker.java:716)
at org.testng.internal.Invoker.invokeTestMethods(Invoker.java:988)
at org.testng.internal.TestMethodWorker.invokeTestMethods(TestMethodWorker.java:125)
at org.testng.internal.TestMethodWorker.run(TestMethodWorker.java:109)
at org.testng.TestRunner.privateRun(TestRunner.java:648)
at org.testng.TestRunner.run(TestRunner.java:505)
at org.testng.SuiteRunner.runTest(SuiteRunner.java:455)
at org.testng.SuiteRunner.runSequentially(SuiteRunner.java:450)
at org.testng.SuiteRunner.privateRun(SuiteRunner.java:415)
at org.testng.SuiteRunner.run(SuiteRunner.java:364)
at org.testng.SuiteRunnerWorker.runSuite(SuiteRunnerWorker.java:52)
at org.testng.SuiteRunnerWorker.run(SuiteRunnerWorker.java:84)
at org.testng.TestNG.runSuitesSequentially(TestNG.java:1208)
at org.testng.TestNG.runSuitesLocally(TestNG.java:1137)
at org.testng.TestNG.runSuites(TestNG.java:1049)
at org.testng.TestNG.run(TestNG.java:1017)
at org.testng.remote.AbstractRemoteTestNG.run(AbstractRemoteTestNG.java:114)
at org.testng.remote.RemoteTestNG.initAndRun(RemoteTestNG.java:251)
at org.testng.remote.RemoteTestNG.main(RemoteTestNG.java:77)
]]>
    </failure>
  </testcase> <!-- TestTotalPages -->
  <testcase name="GetPageTest2" time="0.655" classname="peugeot.ResultPageCompoTest"/>
  <testcase name="TestCTANextPageBackground" time="2.124" classname="peugeot.ResultPageCompoTest"/>
  <testcase name="TestCTANextPageText" time="2.049" classname="peugeot.ResultPageCompoTest"/>
  <testcase name="TestCTAPrevPageBackground" time="2.050" classname="peugeot.ResultPageCompoTest"/>
  <testcase name="TestCTAPrevPageText" time="2.064" classname="peugeot.ResultPageCompoTest"/>
  <testcase name="TestSortingMenuDisplayed" time="2.699" classname="peugeot.ResultPageCompoTest"/>
</testsuite> <!-- peugeot.ResultPageCompoTest -->
