<?xml version="1.0" encoding="UTF-8"?>
<!-- Generated by org.testng.reporters.JUnitReportReporter -->
<testsuite skipped="0" hostname="B1016216" name="peugeot.TestdeTests" tests="1" failures="0" timestamp="27 mai 2019 09:25:18 GMT" time="4.404" errors="0">
  <testcase name="TestPopinDetailPrix" time="4.404" classname="peugeot.TestdeTests"/>
</testsuite> <!-- peugeot.TestdeTests -->
