<?xml version="1.0" encoding="UTF-8"?>
<!-- Generated by org.testng.reporters.JUnitReportReporter -->
<testsuite skipped="0" hostname="B1016216" name="peugeot.ResultPageCompoTest" tests="28" failures="0" timestamp="15 avr. 2019 14:33:35 GMT" time="62.963" errors="0">
  <testcase name="TestTitletext" time="6.056" classname="peugeot.ResultPageCompoTest"/>
  <testcase name="TestDeliveryDateText" time="2.043" classname="peugeot.ResultPageCompoTest"/>
  <testcase name="TestVHCardOptionPicto" time="2.043" classname="peugeot.ResultPageCompoTest"/>
  <testcase name="TestDisplayOptionsListVHCard" time="2.327" classname="peugeot.ResultPageCompoTest"/>
  <testcase name="TestConsoCTAText" time="2.099" classname="peugeot.ResultPageCompoTest"/>
  <testcase name="TestConsoCTAPictoPresent" time="2.130" classname="peugeot.ResultPageCompoTest"/>
  <testcase name="TestConsoCTAPictoClick" time="4.186" classname="peugeot.ResultPageCompoTest"/>
  <testcase name="TestEnergyVHCardText" time="2.063" classname="peugeot.ResultPageCompoTest"/>
  <testcase name="TestVHCardEnergyPictoDisplayed" time="2.035" classname="peugeot.ResultPageCompoTest"/>
  <testcase name="TestVHCardCO2text" time="2.074" classname="peugeot.ResultPageCompoTest"/>
  <testcase name="TestVHCardCO2PictoDisplayed" time="2.043" classname="peugeot.ResultPageCompoTest"/>
  <testcase name="VHCardClassificationText" time="2.219" classname="peugeot.ResultPageCompoTest"/>
  <testcase name="TestVHCardBakgroundPictoClassifiDisplayed" time="2.091" classname="peugeot.ResultPageCompoTest"/>
  <testcase name="TestVHRemiseBackgroundDisplayed" time="2.051" classname="peugeot.ResultPageCompoTest"/>
  <testcase name="TestDiscountTitle" time="2.071" classname="peugeot.ResultPageCompoTest"/>
  <testcase name="TestDiscountPrice" time="2.098" classname="peugeot.ResultPageCompoTest"/>
  <testcase name="TestVHCardDisplayed" time="2.043" classname="peugeot.ResultPageCompoTest"/>
  <testcase name="TestLegalMentions" time="2.071" classname="peugeot.ResultPageCompoTest"/>
  <testcase name="TestVHAvalaible" time="2.083" classname="peugeot.ResultPageCompoTest"/>
  <testcase name="PaginationDisplayed" time="2.039" classname="peugeot.ResultPageCompoTest"/>
  <testcase name="TestPageNumber1" time="2.106" classname="peugeot.ResultPageCompoTest"/>
  <testcase name="TestTotalPages" time="2.063" classname="peugeot.ResultPageCompoTest"/>
  <testcase name="GetPageTest2" time="0.437" classname="peugeot.ResultPageCompoTest"/>
  <testcase name="TestCTANextPageBackground" time="2.060" classname="peugeot.ResultPageCompoTest"/>
  <testcase name="TestCTANextPageText" time="2.095" classname="peugeot.ResultPageCompoTest"/>
  <testcase name="TestCTAPrevPageBackground" time="2.111" classname="peugeot.ResultPageCompoTest"/>
  <testcase name="TestCTAPrevPageText" time="2.099" classname="peugeot.ResultPageCompoTest"/>
  <testcase name="TestSortingMenuDisplayed" time="2.127" classname="peugeot.ResultPageCompoTest"/>
</testsuite> <!-- peugeot.ResultPageCompoTest -->
