<?xml version="1.0" encoding="UTF-8"?>
<!-- Generated by org.testng.reporters.JUnitReportReporter -->
<testsuite skipped="0" hostname="B1016216" name="peugeot.TestdeTests" tests="1" failures="0" timestamp="23 aoÃ»t 2019 14:41:22 GMT" time="1014.808" errors="0">
  <testcase name="SuperTestMoteurs" time="1014.808" classname="peugeot.TestdeTests"/>
</testsuite> <!-- peugeot.TestdeTests -->
