<?xml version="1.0" encoding="UTF-8"?>
<!-- Generated by org.testng.reporters.JUnitReportReporter -->
<testsuite skipped="0" hostname="B1016216" name="peugeot.ProductPageActionsTests" tests="8" failures="0" timestamp="27 mai 2019 09:27:25 GMT" time="93.112" errors="0">
  <testcase name="TestClickCTADroiteVisuExt" time="21.265" classname="peugeot.ProductPageActionsTests"/>
  <testcase name="TestFicheTechPDFContent" time="6.490" classname="peugeot.ProductPageActionsTests"/>
  <testcase name="TestClickCTAGaucheVisuEXT" time="19.978" classname="peugeot.ProductPageActionsTests"/>
  <testcase name="TestClickCTAGaucheVisuInt" time="17.522" classname="peugeot.ProductPageActionsTests"/>
  <testcase name="TestNewOngletFicheTech" time="6.419" classname="peugeot.ProductPageActionsTests"/>
  <testcase name="TestPopinDetailPrix" time="4.550" classname="peugeot.ProductPageActionsTests"/>
  <testcase name="TestPopinFormulaireContact" time="4.436" classname="peugeot.ProductPageActionsTests"/>
  <testcase name="TestCTAAppelConseillerClick" time="12.452" classname="peugeot.ProductPageActionsTests"/>
</testsuite> <!-- peugeot.ProductPageActionsTests -->
