<?xml version="1.0" encoding="UTF-8"?>
<!-- Generated by org.testng.reporters.JUnitReportReporter -->
<testsuite skipped="0" hostname="B1016216" name="peugeot.TestdeTests" tests="1" failures="0" timestamp="18 avr. 2019 15:15:55 GMT" time="40.901" errors="0">
  <testcase name="TestGearBoxesListNbVHChanges" time="40.901" classname="peugeot.TestdeTests"/>
</testsuite> <!-- peugeot.TestdeTests -->
